#
# A fatal error has been detected by the Java Runtime Environment:
#
#  Internal Error (javaClasses.cpp:129), pid=7832, tid=3548
#  fatal error: Invalid layout of preloaded class
#
# JRE version: 7.0_07-b10
# Java VM: Java HotSpot(TM) 64-Bit Server VM (23.3-b01 mixed mode windows-amd64 compressed oops)
# Failed to write core dump. Minidumps are not enabled by default on client versions of Windows
#
# If you would like to submit a bug report, please visit:
#   http://bugreport.sun.com/bugreport/crash.jsp
#

---------------  T H R E A D  ---------------

Current thread (0x00000000004dc800):  JavaThread "Unknown thread" [_thread_in_vm, id=3548, stack(0x0000000002580000,0x0000000002680000)]

Stack: [0x0000000002580000,0x0000000002680000]

---------------  P R O C E S S  ---------------

Java Threads: ( => current thread )

Other Threads:

=>0x00000000004dc800 (exited) JavaThread "Unknown thread" [_thread_in_vm, id=3548, stack(0x0000000002580000,0x0000000002680000)]

VM state:not at safepoint (not fully initialized)

VM Mutex/Monitor currently owned by a thread: None

GC Heap History (0 events):
No events

Deoptimization events (0 events):
No events

Internal exceptions (0 events):
No events

Events (10 events):
Event: 0.479 loading class 0x00000000023805c0 done
Event: 0.479 loading class 0x0000000002342a00 done
Event: 0.479 loading class 0x00000000023429d0
Event: 0.480 loading class 0x0000000008a9c570
Event: 0.480 loading class 0x0000000008a9c570 done
Event: 0.480 loading class 0x0000000008a9c5b0
Event: 0.480 loading class 0x0000000008a9c5b0 done
Event: 0.480 loading class 0x0000000008a9d9d0
Event: 0.480 loading class 0x0000000008a9d9d0 done
Event: 0.480 loading class 0x00000000023429d0 done


Dynamic libraries:
0x000000013fbe0000 - 0x000000013fc14000 	C:\Program Files\Java\jre7\bin\javaw.exe
0x0000000077b00000 - 0x0000000077ca9000 	C:\Windows\SYSTEM32\ntdll.dll
0x0000000070b90000 - 0x0000000070bdd000 	C:\Program Files\AVAST Software\Avast\snxhk64.dll
0x00000000778e0000 - 0x00000000779ff000 	C:\Windows\system32\KERNEL32.dll
0x000007fefe110000 - 0x000007fefe17c000 	C:\Windows\system32\KERNELBASE.dll
0x000007feffd30000 - 0x000007feffe0b000 	C:\Windows\system32\ADVAPI32.dll
0x000007feff8a0000 - 0x000007feff93f000 	C:\Windows\system32\msvcrt.dll
0x000007feff880000 - 0x000007feff89f000 	C:\Windows\SYSTEM32\sechost.dll
0x000007feff640000 - 0x000007feff76d000 	C:\Windows\system32\RPCRT4.dll
0x0000000077a00000 - 0x0000000077afa000 	C:\Windows\system32\USER32.dll
0x000007fefe7c0000 - 0x000007fefe827000 	C:\Windows\system32\GDI32.dll
0x000007feffc00000 - 0x000007feffc0e000 	C:\Windows\system32\LPK.dll
0x000007feffb30000 - 0x000007feffbf9000 	C:\Windows\system32\USP10.dll
0x000007fefc9e0000 - 0x000007fefcbd4000 	C:\Windows\WinSxS\amd64_microsoft.windows.common-controls_6595b64144ccf1df_6.0.7601.17514_none_fa396087175ac9ac\COMCTL32.dll
0x000007fefe830000 - 0x000007fefe8a1000 	C:\Windows\system32\SHLWAPI.dll
0x000007feffcf0000 - 0x000007feffd1e000 	C:\Windows\system32\IMM32.DLL
0x000007feff770000 - 0x000007feff879000 	C:\Windows\system32\MSCTF.dll
0x000000006e160000 - 0x000000006e231000 	C:\Program Files\Java\jre7\bin\msvcr100.dll
0x000000005b770000 - 0x000000005be8f000 	C:\Program Files\Java\jre7\bin\server\jvm.dll
0x000007fef3ac0000 - 0x000007fef3ac9000 	C:\Windows\system32\WSOCK32.dll
0x000007feffae0000 - 0x000007feffb2d000 	C:\Windows\system32\WS2_32.dll
0x000007feffd20000 - 0x000007feffd28000 	C:\Windows\system32\NSI.dll
0x000007fefc0b0000 - 0x000007fefc0eb000 	C:\Windows\system32\WINMM.dll
0x0000000077cd0000 - 0x0000000077cd7000 	C:\Windows\system32\PSAPI.DLL
0x0000000073330000 - 0x000000007333f000 	C:\Program Files\Java\jre7\bin\verify.dll
0x0000000073130000 - 0x0000000073158000 	C:\Program Files\Java\jre7\bin\java.dll
0x0000000073170000 - 0x0000000073185000 	C:\Program Files\Java\jre7\bin\zip.dll

VM Arguments:
jvm_args: -Dfile.encoding=Cp1252 -Xbootclasspath:C:\Users\Steve\android-sdk\platforms\android-17\android.jar;C:\Users\Steve\android-sdk\add-ons\addon-google_apis-google-17\libs\effects.jar;C:\Users\Steve\android-sdk\add-ons\addon-google_apis-google-17\libs\usb.jar;C:\Users\Steve\android-sdk\add-ons\addon-google_apis-google-17\libs\maps.jar 
java_command: com.stripe.StripeExample
Launcher Type: SUN_STANDARD

Environment Variables:
CLASSPATH=.;C:\Program Files (x86)\Java\jre6\lib\ext\QTJava.zip
PATH=C:\Programming\RailsInstaller\Git\cmd;C:\Programming\RailsInstaller\Ruby1.9.3\bin;C:\Program Files (x86)\NVIDIA Corporation\PhysX\Common;C:\Windows\system32;C:\Windows;C:\Windows\System32\Wbem;C:\Windows\System32\WindowsPowerShell\v1.0\;C:\Program Files (x86)\ATI Technologies\ATI.ACE\Core-Static;C:\Program Files\MATLAB\R2011b\runtime\win64;C:\Program Files\MATLAB\R2011b\bin;C:\Program Files (x86)\QuickTime\QTSystem\
USERNAME=Steve
OS=Windows_NT
PROCESSOR_IDENTIFIER=AMD64 Family 16 Model 5 Stepping 3, AuthenticAMD



---------------  S Y S T E M  ---------------

OS: Windows 7 , 64 bit Build 7601 Service Pack 1

CPU:total 4 (4 cores per cpu, 1 threads per core) family 16 model 5 stepping 3, cmov, cx8, fxsr, mmx, sse, sse2, sse3, popcnt, mmxext, 3dnowpref, lzcnt, sse4a, tsc, tscinvbit, tscinv

Memory: 4k page, physical 4193592k(761328k free), swap 8385332k(3797252k free)

vm_info: Java HotSpot(TM) 64-Bit Server VM (23.3-b01) for windows-amd64 JRE (1.7.0_07-b10), built on Aug 28 2012 18:28:27 by "java_re" with unknown MS VC++:1600

time: Thu Apr 11 22:57:20 2013
elapsed time: 0 seconds

